{"/home/vinay/nodeproject/lib/appCopy.js":{"path":"/home/vinay/nodeproject/lib/appCopy.js","s":{"1":1,"2":1,"3":1,"4":1,"5":0,"6":1,"7":0,"8":0,"9":0,"10":1,"11":0,"12":0,"13":0,"14":0,"15":0,"16":1,"17":8,"18":8,"19":8,"20":8,"21":1,"22":8,"23":8,"24":16,"25":16,"26":8,"27":8,"28":8,"29":8,"30":8,"31":8,"32":8,"33":8,"34":8,"35":8,"36":8,"37":8,"38":8,"39":8,"40":8,"41":8,"42":8,"43":8,"44":8,"45":8,"46":1,"47":2,"48":2,"49":2,"50":2,"51":4,"52":4,"53":2,"54":2,"55":2,"56":2,"57":2,"58":2,"59":2,"60":2,"61":2,"62":1,"63":2,"64":2,"65":2,"66":2,"67":4,"68":4,"69":2,"70":2,"71":2,"72":2,"73":2,"74":2,"75":2,"76":2,"77":2,"78":1,"79":3,"80":1,"81":1,"82":1,"83":1,"84":1,"85":1},"b":{"1":[0,0],"2":[0,0],"3":[0,0],"4":[8,0],"5":[8,8],"6":[8,0],"7":[8,0],"8":[2,2],"9":[2,2],"10":[2,0],"11":[2,0],"12":[2,0],"13":[2,0],"14":[0,2],"15":[0,2],"16":[2,0],"17":[2,2],"18":[2,2],"19":[2,0],"20":[2,0],"21":[2,0],"22":[2,0],"23":[0,2],"24":[0,2],"25":[2,0]},"f":{"1":0,"2":0,"3":0,"4":0,"5":0,"6":0,"7":0,"8":8,"9":8,"10":2,"11":2,"12":3},"fnMap":{"1":{"name":"(anonymous_1)","line":12,"loc":{"start":{"line":12,"column":17},"end":{"line":12,"column":27}}},"2":{"name":"(anonymous_2)","line":16,"loc":{"start":{"line":16,"column":14},"end":{"line":16,"column":27}}},"3":{"name":"(anonymous_3)","line":17,"loc":{"start":{"line":17,"column":22},"end":{"line":17,"column":35}}},"4":{"name":"(anonymous_4)","line":18,"loc":{"start":{"line":18,"column":26},"end":{"line":18,"column":40}}},"5":{"name":"(anonymous_5)","line":24,"loc":{"start":{"line":24,"column":26},"end":{"line":24,"column":42}}},"6":{"name":"(anonymous_6)","line":30,"loc":{"start":{"line":30,"column":4},"end":{"line":30,"column":34}}},"7":{"name":"(anonymous_7)","line":31,"loc":{"start":{"line":31,"column":43},"end":{"line":31,"column":57}}},"8":{"name":"(anonymous_8)","line":38,"loc":{"start":{"line":38,"column":24},"end":{"line":38,"column":57}}},"9":{"name":"(anonymous_9)","line":50,"loc":{"start":{"line":50,"column":30},"end":{"line":50,"column":47}}},"10":{"name":"(anonymous_10)","line":86,"loc":{"start":{"line":86,"column":28},"end":{"line":86,"column":49}}},"11":{"name":"(anonymous_11)","line":119,"loc":{"start":{"line":119,"column":27},"end":{"line":119,"column":48}}},"12":{"name":"(anonymous_12)","line":149,"loc":{"start":{"line":149,"column":19},"end":{"line":149,"column":38}}}},"statementMap":{"1":{"start":{"line":1,"column":0},"end":{"line":1,"column":29}},"2":{"start":{"line":3,"column":0},"end":{"line":3,"column":87}},"3":{"start":{"line":5,"column":0},"end":{"line":10,"column":2}},"4":{"start":{"line":12,"column":0},"end":{"line":14,"column":1}},"5":{"start":{"line":13,"column":1},"end":{"line":13,"column":51}},"6":{"start":{"line":16,"column":0},"end":{"line":22,"column":1}},"7":{"start":{"line":17,"column":1},"end":{"line":21,"column":4}},"8":{"start":{"line":18,"column":2},"end":{"line":20,"column":5}},"9":{"start":{"line":19,"column":3},"end":{"line":19,"column":18}},"10":{"start":{"line":24,"column":0},"end":{"line":36,"column":1}},"11":{"start":{"line":25,"column":1},"end":{"line":35,"column":2}},"12":{"start":{"line":26,"column":2},"end":{"line":26,"column":23}},"13":{"start":{"line":29,"column":2},"end":{"line":34,"column":6}},"14":{"start":{"line":31,"column":4},"end":{"line":33,"column":7}},"15":{"start":{"line":32,"column":5},"end":{"line":32,"column":20}},"16":{"start":{"line":38,"column":0},"end":{"line":48,"column":1}},"17":{"start":{"line":39,"column":1},"end":{"line":39,"column":55}},"18":{"start":{"line":40,"column":1},"end":{"line":45,"column":3}},"19":{"start":{"line":46,"column":1},"end":{"line":46,"column":16}},"20":{"start":{"line":47,"column":1},"end":{"line":47,"column":13}},"21":{"start":{"line":50,"column":0},"end":{"line":84,"column":1}},"22":{"start":{"line":51,"column":1},"end":{"line":51,"column":97}},"23":{"start":{"line":52,"column":1},"end":{"line":74,"column":2}},"24":{"start":{"line":53,"column":2},"end":{"line":53,"column":53}},"25":{"start":{"line":54,"column":2},"end":{"line":73,"column":3}},"26":{"start":{"line":55,"column":3},"end":{"line":55,"column":67}},"27":{"start":{"line":56,"column":3},"end":{"line":56,"column":31}},"28":{"start":{"line":58,"column":3},"end":{"line":58,"column":43}},"29":{"start":{"line":59,"column":3},"end":{"line":59,"column":41}},"30":{"start":{"line":60,"column":3},"end":{"line":60,"column":43}},"31":{"start":{"line":61,"column":3},"end":{"line":61,"column":52}},"32":{"start":{"line":63,"column":3},"end":{"line":63,"column":30}},"33":{"start":{"line":65,"column":3},"end":{"line":65,"column":19}},"34":{"start":{"line":67,"column":3},"end":{"line":67,"column":25}},"35":{"start":{"line":68,"column":3},"end":{"line":68,"column":19}},"36":{"start":{"line":69,"column":3},"end":{"line":69,"column":17}},"37":{"start":{"line":71,"column":3},"end":{"line":71,"column":67}},"38":{"start":{"line":72,"column":3},"end":{"line":72,"column":31}},"39":{"start":{"line":75,"column":1},"end":{"line":75,"column":41}},"40":{"start":{"line":76,"column":1},"end":{"line":76,"column":39}},"41":{"start":{"line":77,"column":1},"end":{"line":77,"column":41}},"42":{"start":{"line":78,"column":1},"end":{"line":78,"column":50}},"43":{"start":{"line":80,"column":1},"end":{"line":80,"column":28}},"44":{"start":{"line":81,"column":1},"end":{"line":81,"column":17}},"45":{"start":{"line":83,"column":1},"end":{"line":83,"column":18}},"46":{"start":{"line":86,"column":0},"end":{"line":117,"column":1}},"47":{"start":{"line":87,"column":1},"end":{"line":87,"column":56}},"48":{"start":{"line":88,"column":1},"end":{"line":88,"column":51}},"49":{"start":{"line":90,"column":1},"end":{"line":90,"column":74}},"50":{"start":{"line":92,"column":1},"end":{"line":105,"column":2}},"51":{"start":{"line":94,"column":2},"end":{"line":94,"column":53}},"52":{"start":{"line":96,"column":2},"end":{"line":104,"column":3}},"53":{"start":{"line":97,"column":3},"end":{"line":97,"column":67}},"54":{"start":{"line":99,"column":3},"end":{"line":99,"column":95}},"55":{"start":{"line":100,"column":3},"end":{"line":100,"column":107}},"56":{"start":{"line":102,"column":3},"end":{"line":102,"column":25}},"57":{"start":{"line":103,"column":3},"end":{"line":103,"column":53}},"58":{"start":{"line":108,"column":1},"end":{"line":108,"column":93}},"59":{"start":{"line":109,"column":1},"end":{"line":109,"column":105}},"60":{"start":{"line":111,"column":1},"end":{"line":111,"column":55}},"61":{"start":{"line":113,"column":1},"end":{"line":116,"column":3}},"62":{"start":{"line":119,"column":0},"end":{"line":147,"column":1}},"63":{"start":{"line":120,"column":1},"end":{"line":120,"column":86}},"64":{"start":{"line":121,"column":1},"end":{"line":121,"column":49}},"65":{"start":{"line":123,"column":1},"end":{"line":123,"column":74}},"66":{"start":{"line":125,"column":1},"end":{"line":136,"column":2}},"67":{"start":{"line":126,"column":2},"end":{"line":126,"column":53}},"68":{"start":{"line":127,"column":2},"end":{"line":135,"column":3}},"69":{"start":{"line":128,"column":3},"end":{"line":128,"column":67}},"70":{"start":{"line":130,"column":3},"end":{"line":130,"column":92}},"71":{"start":{"line":131,"column":3},"end":{"line":131,"column":104}},"72":{"start":{"line":133,"column":3},"end":{"line":133,"column":25}},"73":{"start":{"line":134,"column":3},"end":{"line":134,"column":53}},"74":{"start":{"line":138,"column":1},"end":{"line":138,"column":90}},"75":{"start":{"line":139,"column":1},"end":{"line":139,"column":102}},"76":{"start":{"line":141,"column":1},"end":{"line":141,"column":53}},"77":{"start":{"line":143,"column":1},"end":{"line":146,"column":3}},"78":{"start":{"line":149,"column":0},"end":{"line":151,"column":1}},"79":{"start":{"line":150,"column":1},"end":{"line":150,"column":20}},"80":{"start":{"line":153,"column":0},"end":{"line":153,"column":24}},"81":{"start":{"line":154,"column":0},"end":{"line":154,"column":26}},"82":{"start":{"line":155,"column":0},"end":{"line":155,"column":46}},"83":{"start":{"line":156,"column":0},"end":{"line":156,"column":58}},"84":{"start":{"line":157,"column":0},"end":{"line":157,"column":54}},"85":{"start":{"line":158,"column":0},"end":{"line":158,"column":52}}},"branchMap":{"1":{"line":19,"type":"binary-expr","locations":[{"start":{"line":19,"column":3},"end":{"line":19,"column":5}},{"start":{"line":19,"column":9},"end":{"line":19,"column":17}}]},"2":{"line":25,"type":"if","locations":[{"start":{"line":25,"column":1},"end":{"line":25,"column":1}},{"start":{"line":25,"column":1},"end":{"line":25,"column":1}}]},"3":{"line":32,"type":"binary-expr","locations":[{"start":{"line":32,"column":5},"end":{"line":32,"column":7}},{"start":{"line":32,"column":11},"end":{"line":32,"column":19}}]},"4":{"line":46,"type":"binary-expr","locations":[{"start":{"line":46,"column":1},"end":{"line":46,"column":3}},{"start":{"line":46,"column":7},"end":{"line":46,"column":15}}]},"5":{"line":54,"type":"if","locations":[{"start":{"line":54,"column":2},"end":{"line":54,"column":2}},{"start":{"line":54,"column":2},"end":{"line":54,"column":2}}]},"6":{"line":55,"type":"binary-expr","locations":[{"start":{"line":55,"column":32},"end":{"line":55,"column":60}},{"start":{"line":55,"column":64},"end":{"line":55,"column":65}}]},"7":{"line":71,"type":"binary-expr","locations":[{"start":{"line":71,"column":32},"end":{"line":71,"column":60}},{"start":{"line":71,"column":64},"end":{"line":71,"column":65}}]},"8":{"line":90,"type":"binary-expr","locations":[{"start":{"line":90,"column":13},"end":{"line":90,"column":31}},{"start":{"line":90,"column":35},"end":{"line":90,"column":73}}]},"9":{"line":96,"type":"if","locations":[{"start":{"line":96,"column":2},"end":{"line":96,"column":2}},{"start":{"line":96,"column":2},"end":{"line":96,"column":2}}]},"10":{"line":97,"type":"binary-expr","locations":[{"start":{"line":97,"column":32},"end":{"line":97,"column":60}},{"start":{"line":97,"column":64},"end":{"line":97,"column":65}}]},"11":{"line":99,"type":"cond-expr","locations":[{"start":{"line":99,"column":64},"end":{"line":99,"column":73}},{"start":{"line":99,"column":76},"end":{"line":99,"column":94}}]},"12":{"line":100,"type":"cond-expr","locations":[{"start":{"line":100,"column":69},"end":{"line":100,"column":80}},{"start":{"line":100,"column":83},"end":{"line":100,"column":106}}]},"13":{"line":103,"type":"binary-expr","locations":[{"start":{"line":103,"column":18},"end":{"line":103,"column":46}},{"start":{"line":103,"column":50},"end":{"line":103,"column":51}}]},"14":{"line":108,"type":"cond-expr","locations":[{"start":{"line":108,"column":62},"end":{"line":108,"column":71}},{"start":{"line":108,"column":74},"end":{"line":108,"column":92}}]},"15":{"line":109,"type":"cond-expr","locations":[{"start":{"line":109,"column":67},"end":{"line":109,"column":78}},{"start":{"line":109,"column":81},"end":{"line":109,"column":104}}]},"16":{"line":111,"type":"binary-expr","locations":[{"start":{"line":111,"column":1},"end":{"line":111,"column":3}},{"start":{"line":111,"column":7},"end":{"line":111,"column":54}}]},"17":{"line":123,"type":"binary-expr","locations":[{"start":{"line":123,"column":13},"end":{"line":123,"column":31}},{"start":{"line":123,"column":35},"end":{"line":123,"column":73}}]},"18":{"line":127,"type":"if","locations":[{"start":{"line":127,"column":2},"end":{"line":127,"column":2}},{"start":{"line":127,"column":2},"end":{"line":127,"column":2}}]},"19":{"line":128,"type":"binary-expr","locations":[{"start":{"line":128,"column":32},"end":{"line":128,"column":60}},{"start":{"line":128,"column":64},"end":{"line":128,"column":65}}]},"20":{"line":130,"type":"cond-expr","locations":[{"start":{"line":130,"column":62},"end":{"line":130,"column":71}},{"start":{"line":130,"column":74},"end":{"line":130,"column":91}}]},"21":{"line":131,"type":"cond-expr","locations":[{"start":{"line":131,"column":67},"end":{"line":131,"column":78}},{"start":{"line":131,"column":81},"end":{"line":131,"column":103}}]},"22":{"line":134,"type":"binary-expr","locations":[{"start":{"line":134,"column":18},"end":{"line":134,"column":46}},{"start":{"line":134,"column":50},"end":{"line":134,"column":51}}]},"23":{"line":138,"type":"cond-expr","locations":[{"start":{"line":138,"column":60},"end":{"line":138,"column":69}},{"start":{"line":138,"column":72},"end":{"line":138,"column":89}}]},"24":{"line":139,"type":"cond-expr","locations":[{"start":{"line":139,"column":65},"end":{"line":139,"column":76}},{"start":{"line":139,"column":79},"end":{"line":139,"column":101}}]},"25":{"line":141,"type":"binary-expr","locations":[{"start":{"line":141,"column":1},"end":{"line":141,"column":3}},{"start":{"line":141,"column":7},"end":{"line":141,"column":52}}]}}}}