TN:
SF:/home/vinay/nodeproject/lib/appCopy.js
FN:12,(anonymous_1)
FN:16,(anonymous_2)
FN:17,(anonymous_3)
FN:18,(anonymous_4)
FN:24,(anonymous_5)
FN:30,(anonymous_6)
FN:31,(anonymous_7)
FN:38,(anonymous_8)
FN:50,(anonymous_9)
FN:86,(anonymous_10)
FN:119,(anonymous_11)
FN:149,(anonymous_12)
FNF:12
FNH:5
FNDA:0,(anonymous_1)
FNDA:0,(anonymous_2)
FNDA:0,(anonymous_3)
FNDA:0,(anonymous_4)
FNDA:0,(anonymous_5)
FNDA:0,(anonymous_6)
FNDA:0,(anonymous_7)
FNDA:8,(anonymous_8)
FNDA:8,(anonymous_9)
FNDA:2,(anonymous_10)
FNDA:2,(anonymous_11)
FNDA:3,(anonymous_12)
DA:1,1
DA:3,1
DA:5,1
DA:12,1
DA:13,0
DA:16,1
DA:17,0
DA:18,0
DA:19,0
DA:24,1
DA:25,0
DA:26,0
DA:29,0
DA:31,0
DA:32,0
DA:38,1
DA:39,8
DA:40,8
DA:46,8
DA:47,8
DA:50,1
DA:51,8
DA:52,8
DA:53,16
DA:54,16
DA:55,8
DA:56,8
DA:58,8
DA:59,8
DA:60,8
DA:61,8
DA:63,8
DA:65,8
DA:67,8
DA:68,8
DA:69,8
DA
=============================== Coverage summary ===============================
Statements   : 89.41% ( 76/85 )
Branches     : 54% ( 27/50 )
Functions    : 41.67% ( 5/12 )
Lines        : 89.41% ( 76/85 )
================================================================================
A:131,2
DA:133,2
DA:134,2
DA:138,2
DA:139,2
DA:141,2
DA:143,2
DA:149,1
DA:150,3
DA:153,1
DA:154,1
DA:155,1
DA:156,1
DA:157,1
DA:158,1
LF:85
LH:76
BRDA:19,1,0,0
BRDA:19,1,1,0
BRDA:25,2,0,0
BRDA:25,2,1,0
BRDA:32,3,0,0
BRDA:32,3,1,0
BRDA:46,4,0,8
BRDA:46,4,1,0
BRDA:54,5,0,8
BRDA:54,5,1,8
BRDA:55,6,0,8
BRDA:55,6,1,0
BRDA:71,7,0,8
BRDA:71,7,1,0
BRDA:90,8,0,2
BRDA:90,8,1,2
BRDA:96,9,0,2
BRDA:96,9,1,2
BRDA:97,10,0,2
BRDA:97,10,1,0
BRDA:99,11,0,2
BRDA:99,11,1,0
BRDA:100,12,0,2
BRDA:100,12,1,0
BRDA:103,13,0,2
BRDA:103,13,1,0
BRDA:108,14,0,0
BRDA:108,14,1,2
BRDA:109,15,0,0
BRDA:109,15,1,2
BRDA:111,16,0,2
BRDA:111,16,1,0
BRDA:123,17,0,2
BRDA:123,17,1,2
BRDA:127,18,0,2
BRDA:127,18,1,2
BRDA:128,19,0,2
BRDA:128,19,1,0
BRDA:130,20,0,2
BRDA:130,20,1,0
BRDA:131,21,0,2
BRDA:131,21,1,0
BRDA:134,22,0,2
BRDA:134,22,1,0
BRDA:138,23,0,0
BRDA:138,23,1,2
BRDA:139,24,0,0
BRDA:139,24,1,2
BRDA:141,25,0,2
BRDA:141,25,1,0
BRF:50
BRH:27
end_of_record
